<?xml version="1.0" encoding="UTF-8"?>
<!-- Generated by org.testng.reporters.JUnitXMLReporter -->
<testsuite hostname="DESKTOP-7UPAG26" ignored="0" name="Default test" tests="10" failures="0" timestamp="02 Aug 2022 18:47:07 GMT" time="46.294" errors="0">
  <testcase name="validaCheckoutPage" time="8.751" classname="com.vicentry.lab.testCases.CheckOutPageValidator"/>
  <testcase name="validaCheckoutPage" time="3.499" classname="com.vicentry.lab.testCases.CheckOutPageValidator"/>
  <testcase name="validaCheckoutPage" time="3.598" classname="com.vicentry.lab.testCases.CheckOutPageValidator"/>
  <testcase name="validaCheckoutPage" time="3.535" classname="com.vicentry.lab.testCases.CheckOutPageValidator"/>
  <testcase name="validaCheckoutPage" time="2.967" classname="com.vicentry.lab.testCases.CheckOutPageValidator"/>
  <testcase name="validaCheckoutPage" time="2.972" classname="com.vicentry.lab.testCases.CheckOutPageValidator"/>
  <testcase name="validaCheckoutPage" time="2.779" classname="com.vicentry.lab.testCases.CheckOutPageValidator"/>
  <testcase name="validaCheckoutPage" time="2.925" classname="com.vicentry.lab.testCases.CheckOutPageValidator"/>
  <testcase name="validaCheckoutPage" time="3.1" classname="com.vicentry.lab.testCases.CheckOutPageValidator"/>
  <testcase name="validaCheckoutPage" time="4.28" classname="com.vicentry.lab.testCases.CheckOutPageValidator"/>
</testsuite> <!-- Default test -->
