<?xml version="1.0" encoding="UTF-8"?>
<testng-results skipped="0" failed="0" ignored="0" total="10" passed="10">
  <reporter-output>
  </reporter-output>
  <suite name="Default suite" duration-ms="46294" started-at="2022-08-02T18:46:21Z" finished-at="2022-08-02T18:47:07Z">
    <groups>
    </groups>
    <test name="Default test" duration-ms="46294" started-at="2022-08-02T18:46:21Z" finished-at="2022-08-02T18:47:07Z">
      <class name="com.vicentry.lab.testCases.CheckOutPageValidator">
        <test-method status="PASS" signature="setUp()[pri:0, instance:com.vicentry.lab.testCases.CheckOutPageValidator@210366b4]" name="setUp" is-config="true" duration-ms="7" started-at="2022-08-02T19:46:21Z" finished-at="2022-08-02T19:46:21Z">
          <reporter-output>
          </reporter-output>
        </test-method> <!-- setUp -->
        <test-method status="PASS" signature="validaCheckoutPage(java.lang.String, java.lang.String, java.lang.String, java.lang.String, java.lang.String, java.lang.String, java.lang.String, java.lang.String, java.lang.String)[pri:0, instance:com.vicentry.lab.testCases.CheckOutPageValidator@210366b4]" name="validaCheckoutPage" duration-ms="8751" started-at="2022-08-02T19:46:22Z" data-provider="CheckoutTest" finished-at="2022-08-02T19:46:31Z">
          <params>
            <param index="0">
              <value>
                <![CDATA[CheckoutPageTest_DataSet2]]>
              </value>
            </param>
            <param index="1">
              <value>
                <![CDATA[user1]]>
              </value>
            </param>
            <param index="2">
              <value>
                <![CDATA[Guru@12345]]>
              </value>
            </param>
            <param index="3">
              <value>
                <![CDATA[produtA]]>
              </value>
            </param>
            <param index="4">
              <value>
                <![CDATA[1111]]>
              </value>
            </param>
            <param index="5">
              <value>
                <![CDATA[mailA@email.com]]>
              </value>
            </param>
            <param index="6">
              <value>
                <![CDATA[Electrical]]>
              </value>
            </param>
            <param index="7">
              <value>
                <![CDATA[12]]>
              </value>
            </param>
            <param index="8">
              <value>
                <![CDATA[purchaseNameA]]>
              </value>
            </param>
          </params>
          <reporter-output>
          </reporter-output>
        </test-method> <!-- validaCheckoutPage -->
        <test-method status="PASS" signature="tearDown(org.testng.ITestResult)[pri:0, instance:com.vicentry.lab.testCases.CheckOutPageValidator@210366b4]" name="tearDown" is-config="true" duration-ms="1104" started-at="2022-08-02T19:46:31Z" finished-at="2022-08-02T19:46:32Z">
          <params>
            <param index="0">
              <value>
                <![CDATA[[TestResult name=validaCheckoutPage status=SUCCESS method=CheckOutPageValidator.validaCheckoutPage(java.lang.String, java.lang.String, java.lang.String, java.lang.String, java.lang.String, java.lang.String, java.lang.String, java.lang.String, java.lang.String)[pri:0, instance:com.vicentry.lab.testCases.CheckOutPageValidator@210366b4] output={null}]]]>
              </value>
            </param>
          </params>
          <reporter-output>
          </reporter-output>
        </test-method> <!-- tearDown -->
        <test-method status="PASS" signature="validaCheckoutPage(java.lang.String, java.lang.String, java.lang.String, java.lang.String, java.lang.String, java.lang.String, java.lang.String, java.lang.String, java.lang.String)[pri:0, instance:com.vicentry.lab.testCases.CheckOutPageValidator@210366b4]" name="validaCheckoutPage" duration-ms="3499" started-at="2022-08-02T19:46:32Z" data-provider="CheckoutTest" finished-at="2022-08-02T19:46:36Z">
          <params>
            <param index="0">
              <value>
                <![CDATA[CheckoutPageTest_DataSet3]]>
              </value>
            </param>
            <param index="1">
              <value>
                <![CDATA[user1]]>
              </value>
            </param>
            <param index="2">
              <value>
                <![CDATA[Guru@12345]]>
              </value>
            </param>
            <param index="3">
              <value>
                <![CDATA[produtB]]>
              </value>
            </param>
            <param index="4">
              <value>
                <![CDATA[2222]]>
              </value>
            </param>
            <param index="5">
              <value>
                <![CDATA[mailB@email.com]]>
              </value>
            </param>
            <param index="6">
              <value>
                <![CDATA[Electrical]]>
              </value>
            </param>
            <param index="7">
              <value>
                <![CDATA[20]]>
              </value>
            </param>
            <param index="8">
              <value>
                <![CDATA[purchaseNameB]]>
              </value>
            </param>
          </params>
          <reporter-output>
          </reporter-output>
        </test-method> <!-- validaCheckoutPage -->
        <test-method status="PASS" signature="tearDown(org.testng.ITestResult)[pri:0, instance:com.vicentry.lab.testCases.CheckOutPageValidator@210366b4]" name="tearDown" is-config="true" duration-ms="680" started-at="2022-08-02T19:46:36Z" finished-at="2022-08-02T19:46:36Z">
          <params>
            <param index="0">
              <value>
                <![CDATA[[TestResult name=validaCheckoutPage status=SUCCESS method=CheckOutPageValidator.validaCheckoutPage(java.lang.String, java.lang.String, java.lang.String, java.lang.String, java.lang.String, java.lang.String, java.lang.String, java.lang.String, java.lang.String)[pri:0, instance:com.vicentry.lab.testCases.CheckOutPageValidator@210366b4] output={null}]]]>
              </value>
            </param>
          </params>
          <reporter-output>
          </reporter-output>
        </test-method> <!-- tearDown -->
        <test-method status="PASS" signature="validaCheckoutPage(java.lang.String, java.lang.String, java.lang.String, java.lang.String, java.lang.String, java.lang.String, java.lang.String, java.lang.String, java.lang.String)[pri:0, instance:com.vicentry.lab.testCases.CheckOutPageValidator@210366b4]" name="validaCheckoutPage" duration-ms="3598" started-at="2022-08-02T19:46:36Z" data-provider="CheckoutTest" finished-at="2022-08-02T19:46:40Z">
          <params>
            <param index="0">
              <value>
                <![CDATA[CheckoutPageTest_DataSet4]]>
              </value>
            </param>
            <param index="1">
              <value>
                <![CDATA[user1]]>
              </value>
            </param>
            <param index="2">
              <value>
                <![CDATA[Guru@12345]]>
              </value>
            </param>
            <param index="3">
              <value>
                <![CDATA[produtC]]>
              </value>
            </param>
            <param index="4">
              <value>
                <![CDATA[3333]]>
              </value>
            </param>
            <param index="5">
              <value>
                <![CDATA[mailC@email.com]]>
              </value>
            </param>
            <param index="6">
              <value>
                <![CDATA[Electrical]]>
              </value>
            </param>
            <param index="7">
              <value>
                <![CDATA[21]]>
              </value>
            </param>
            <param index="8">
              <value>
                <![CDATA[purchaseNameC]]>
              </value>
            </param>
          </params>
          <reporter-output>
          </reporter-output>
        </test-method> <!-- validaCheckoutPage -->
        <test-method status="PASS" signature="tearDown(org.testng.ITestResult)[pri:0, instance:com.vicentry.lab.testCases.CheckOutPageValidator@210366b4]" name="tearDown" is-config="true" duration-ms="761" started-at="2022-08-02T19:46:40Z" finished-at="2022-08-02T19:46:41Z">
          <params>
            <param index="0">
              <value>
                <![CDATA[[TestResult name=validaCheckoutPage status=SUCCESS method=CheckOutPageValidator.validaCheckoutPage(java.lang.String, java.lang.String, java.lang.String, java.lang.String, java.lang.String, java.lang.String, java.lang.String, java.lang.String, java.lang.String)[pri:0, instance:com.vicentry.lab.testCases.CheckOutPageValidator@210366b4] output={null}]]]>
              </value>
            </param>
          </params>
          <reporter-output>
          </reporter-output>
        </test-method> <!-- tearDown -->
        <test-method status="PASS" signature="validaCheckoutPage(java.lang.String, java.lang.String, java.lang.String, java.lang.String, java.lang.String, java.lang.String, java.lang.String, java.lang.String, java.lang.String)[pri:0, instance:com.vicentry.lab.testCases.CheckOutPageValidator@210366b4]" name="validaCheckoutPage" duration-ms="3535" started-at="2022-08-02T19:46:41Z" data-provider="CheckoutTest" finished-at="2022-08-02T19:46:44Z">
          <params>
            <param index="0">
              <value>
                <![CDATA[CheckoutPageTest_DataSet5]]>
              </value>
            </param>
            <param index="1">
              <value>
                <![CDATA[user1]]>
              </value>
            </param>
            <param index="2">
              <value>
                <![CDATA[Guru@12345]]>
              </value>
            </param>
            <param index="3">
              <value>
                <![CDATA[produtD]]>
              </value>
            </param>
            <param index="4">
              <value>
                <![CDATA[4444]]>
              </value>
            </param>
            <param index="5">
              <value>
                <![CDATA[mailD@email.com]]>
              </value>
            </param>
            <param index="6">
              <value>
                <![CDATA[Electrical]]>
              </value>
            </param>
            <param index="7">
              <value>
                <![CDATA[70]]>
              </value>
            </param>
            <param index="8">
              <value>
                <![CDATA[purchaseNameD]]>
              </value>
            </param>
          </params>
          <reporter-output>
          </reporter-output>
        </test-method> <!-- validaCheckoutPage -->
        <test-method status="PASS" signature="tearDown(org.testng.ITestResult)[pri:0, instance:com.vicentry.lab.testCases.CheckOutPageValidator@210366b4]" name="tearDown" is-config="true" duration-ms="646" started-at="2022-08-02T19:46:44Z" finished-at="2022-08-02T19:46:45Z">
          <params>
            <param index="0">
              <value>
                <![CDATA[[TestResult name=validaCheckoutPage status=SUCCESS method=CheckOutPageValidator.validaCheckoutPage(java.lang.String, java.lang.String, java.lang.String, java.lang.String, java.lang.String, java.lang.String, java.lang.String, java.lang.String, java.lang.String)[pri:0, instance:com.vicentry.lab.testCases.CheckOutPageValidator@210366b4] output={null}]]]>
              </value>
            </param>
          </params>
          <reporter-output>
          </reporter-output>
        </test-method> <!-- tearDown -->
        <test-method status="PASS" signature="validaCheckoutPage(java.lang.String, java.lang.String, java.lang.String, java.lang.String, java.lang.String, java.lang.String, java.lang.String, java.lang.String, java.lang.String)[pri:0, instance:com.vicentry.lab.testCases.CheckOutPageValidator@210366b4]" name="validaCheckoutPage" duration-ms="2967" started-at="2022-08-02T19:46:45Z" data-provider="CheckoutTest" finished-at="2022-08-02T19:46:48Z">
          <params>
            <param index="0">
              <value>
                <![CDATA[CheckoutPageTest_DataSet6]]>
              </value>
            </param>
            <param index="1">
              <value>
                <![CDATA[user1]]>
              </value>
            </param>
            <param index="2">
              <value>
                <![CDATA[Guru@12345]]>
              </value>
            </param>
            <param index="3">
              <value>
                <![CDATA[produtE]]>
              </value>
            </param>
            <param index="4">
              <value>
                <![CDATA[5555]]>
              </value>
            </param>
            <param index="5">
              <value>
                <![CDATA[mailD@email.com]]>
              </value>
            </param>
            <param index="6">
              <value>
                <![CDATA[Electrical]]>
              </value>
            </param>
            <param index="7">
              <value>
                <![CDATA[70]]>
              </value>
            </param>
            <param index="8">
              <value>
                <![CDATA[purchaseNameD]]>
              </value>
            </param>
          </params>
          <reporter-output>
          </reporter-output>
        </test-method> <!-- validaCheckoutPage -->
        <test-method status="PASS" signature="tearDown(org.testng.ITestResult)[pri:0, instance:com.vicentry.lab.testCases.CheckOutPageValidator@210366b4]" name="tearDown" is-config="true" duration-ms="539" started-at="2022-08-02T19:46:48Z" finished-at="2022-08-02T19:46:48Z">
          <params>
            <param index="0">
              <value>
                <![CDATA[[TestResult name=validaCheckoutPage status=SUCCESS method=CheckOutPageValidator.validaCheckoutPage(java.lang.String, java.lang.String, java.lang.String, java.lang.String, java.lang.String, java.lang.String, java.lang.String, java.lang.String, java.lang.String)[pri:0, instance:com.vicentry.lab.testCases.CheckOutPageValidator@210366b4] output={null}]]]>
              </value>
            </param>
          </params>
          <reporter-output>
          </reporter-output>
        </test-method> <!-- tearDown -->
        <test-method status="PASS" signature="validaCheckoutPage(java.lang.String, java.lang.String, java.lang.String, java.lang.String, java.lang.String, java.lang.String, java.lang.String, java.lang.String, java.lang.String)[pri:0, instance:com.vicentry.lab.testCases.CheckOutPageValidator@210366b4]" name="validaCheckoutPage" duration-ms="2972" started-at="2022-08-02T19:46:48Z" data-provider="CheckoutTest" finished-at="2022-08-02T19:46:51Z">
          <params>
            <param index="0">
              <value>
                <![CDATA[CheckoutPageTest_DataSet7]]>
              </value>
            </param>
            <param index="1">
              <value>
                <![CDATA[user1]]>
              </value>
            </param>
            <param index="2">
              <value>
                <![CDATA[Guru@12345]]>
              </value>
            </param>
            <param index="3">
              <value>
                <![CDATA[produtF]]>
              </value>
            </param>
            <param index="4">
              <value>
                <![CDATA[66666]]>
              </value>
            </param>
            <param index="5">
              <value>
                <![CDATA[mailD@email.com]]>
              </value>
            </param>
            <param index="6">
              <value>
                <![CDATA[Electrical]]>
              </value>
            </param>
            <param index="7">
              <value>
                <![CDATA[70]]>
              </value>
            </param>
            <param index="8">
              <value>
                <![CDATA[purchaseNameD]]>
              </value>
            </param>
          </params>
          <reporter-output>
          </reporter-output>
        </test-method> <!-- validaCheckoutPage -->
        <test-method status="PASS" signature="tearDown(org.testng.ITestResult)[pri:0, instance:com.vicentry.lab.testCases.CheckOutPageValidator@210366b4]" name="tearDown" is-config="true" duration-ms="687" started-at="2022-08-02T19:46:51Z" finished-at="2022-08-02T19:46:52Z">
          <params>
            <param index="0">
              <value>
                <![CDATA[[TestResult name=validaCheckoutPage status=SUCCESS method=CheckOutPageValidator.validaCheckoutPage(java.lang.String, java.lang.String, java.lang.String, java.lang.String, java.lang.String, java.lang.String, java.lang.String, java.lang.String, java.lang.String)[pri:0, instance:com.vicentry.lab.testCases.CheckOutPageValidator@210366b4] output={null}]]]>
              </value>
            </param>
          </params>
          <reporter-output>
          </reporter-output>
        </test-method> <!-- tearDown -->
        <test-method status="PASS" signature="validaCheckoutPage(java.lang.String, java.lang.String, java.lang.String, java.lang.String, java.lang.String, java.lang.String, java.lang.String, java.lang.String, java.lang.String)[pri:0, instance:com.vicentry.lab.testCases.CheckOutPageValidator@210366b4]" name="validaCheckoutPage" duration-ms="2779" started-at="2022-08-02T19:46:52Z" data-provider="CheckoutTest" finished-at="2022-08-02T19:46:55Z">
          <params>
            <param index="0">
              <value>
                <![CDATA[CheckoutPageTest_DataSet8]]>
              </value>
            </param>
            <param index="1">
              <value>
                <![CDATA[user1]]>
              </value>
            </param>
            <param index="2">
              <value>
                <![CDATA[Guru@12345]]>
              </value>
            </param>
            <param index="3">
              <value>
                <![CDATA[produtG]]>
              </value>
            </param>
            <param index="4">
              <value>
                <![CDATA[77777]]>
              </value>
            </param>
            <param index="5">
              <value>
                <![CDATA[mailD@email.com]]>
              </value>
            </param>
            <param index="6">
              <value>
                <![CDATA[Electrical]]>
              </value>
            </param>
            <param index="7">
              <value>
                <![CDATA[70]]>
              </value>
            </param>
            <param index="8">
              <value>
                <![CDATA[purchaseNameD]]>
              </value>
            </param>
          </params>
          <reporter-output>
          </reporter-output>
        </test-method> <!-- validaCheckoutPage -->
        <test-method status="PASS" signature="tearDown(org.testng.ITestResult)[pri:0, instance:com.vicentry.lab.testCases.CheckOutPageValidator@210366b4]" name="tearDown" is-config="true" duration-ms="501" started-at="2022-08-02T19:46:55Z" finished-at="2022-08-02T19:46:55Z">
          <params>
            <param index="0">
              <value>
                <![CDATA[[TestResult name=validaCheckoutPage status=SUCCESS method=CheckOutPageValidator.validaCheckoutPage(java.lang.String, java.lang.String, java.lang.String, java.lang.String, java.lang.String, java.lang.String, java.lang.String, java.lang.String, java.lang.String)[pri:0, instance:com.vicentry.lab.testCases.CheckOutPageValidator@210366b4] output={null}]]]>
              </value>
            </param>
          </params>
          <reporter-output>
          </reporter-output>
        </test-method> <!-- tearDown -->
        <test-method status="PASS" signature="validaCheckoutPage(java.lang.String, java.lang.String, java.lang.String, java.lang.String, java.lang.String, java.lang.String, java.lang.String, java.lang.String, java.lang.String)[pri:0, instance:com.vicentry.lab.testCases.CheckOutPageValidator@210366b4]" name="validaCheckoutPage" duration-ms="2925" started-at="2022-08-02T19:46:55Z" data-provider="CheckoutTest" finished-at="2022-08-02T19:46:58Z">
          <params>
            <param index="0">
              <value>
                <![CDATA[CheckoutPageTest_DataSet9]]>
              </value>
            </param>
            <param index="1">
              <value>
                <![CDATA[user1]]>
              </value>
            </param>
            <param index="2">
              <value>
                <![CDATA[Guru@12345]]>
              </value>
            </param>
            <param index="3">
              <value>
                <![CDATA[produtH]]>
              </value>
            </param>
            <param index="4">
              <value>
                <![CDATA[88888]]>
              </value>
            </param>
            <param index="5">
              <value>
                <![CDATA[mailD@email.com]]>
              </value>
            </param>
            <param index="6">
              <value>
                <![CDATA[Electrical]]>
              </value>
            </param>
            <param index="7">
              <value>
                <![CDATA[70]]>
              </value>
            </param>
            <param index="8">
              <value>
                <![CDATA[purchaseNameD]]>
              </value>
            </param>
          </params>
          <reporter-output>
          </reporter-output>
        </test-method> <!-- validaCheckoutPage -->
        <test-method status="PASS" signature="tearDown(org.testng.ITestResult)[pri:0, instance:com.vicentry.lab.testCases.CheckOutPageValidator@210366b4]" name="tearDown" is-config="true" duration-ms="505" started-at="2022-08-02T19:46:58Z" finished-at="2022-08-02T19:46:59Z">
          <params>
            <param index="0">
              <value>
                <![CDATA[[TestResult name=validaCheckoutPage status=SUCCESS method=CheckOutPageValidator.validaCheckoutPage(java.lang.String, java.lang.String, java.lang.String, java.lang.String, java.lang.String, java.lang.String, java.lang.String, java.lang.String, java.lang.String)[pri:0, instance:com.vicentry.lab.testCases.CheckOutPageValidator@210366b4] output={null}]]]>
              </value>
            </param>
          </params>
          <reporter-output>
          </reporter-output>
        </test-method> <!-- tearDown -->
        <test-method status="PASS" signature="validaCheckoutPage(java.lang.String, java.lang.String, java.lang.String, java.lang.String, java.lang.String, java.lang.String, java.lang.String, java.lang.String, java.lang.String)[pri:0, instance:com.vicentry.lab.testCases.CheckOutPageValidator@210366b4]" name="validaCheckoutPage" duration-ms="3100" started-at="2022-08-02T19:46:59Z" data-provider="CheckoutTest" finished-at="2022-08-02T19:47:02Z">
          <params>
            <param index="0">
              <value>
                <![CDATA[CheckoutPageTest_DataSet10]]>
              </value>
            </param>
            <param index="1">
              <value>
                <![CDATA[user1]]>
              </value>
            </param>
            <param index="2">
              <value>
                <![CDATA[Guru@12345]]>
              </value>
            </param>
            <param index="3">
              <value>
                <![CDATA[produtI]]>
              </value>
            </param>
            <param index="4">
              <value>
                <![CDATA[999999]]>
              </value>
            </param>
            <param index="5">
              <value>
                <![CDATA[maili@email.com]]>
              </value>
            </param>
            <param index="6">
              <value>
                <![CDATA[Electrical]]>
              </value>
            </param>
            <param index="7">
              <value>
                <![CDATA[80]]>
              </value>
            </param>
            <param index="8">
              <value>
                <![CDATA[purchaseNameI]]>
              </value>
            </param>
          </params>
          <reporter-output>
          </reporter-output>
        </test-method> <!-- validaCheckoutPage -->
        <test-method status="PASS" signature="tearDown(org.testng.ITestResult)[pri:0, instance:com.vicentry.lab.testCases.CheckOutPageValidator@210366b4]" name="tearDown" is-config="true" duration-ms="555" started-at="2022-08-02T19:47:02Z" finished-at="2022-08-02T19:47:02Z">
          <params>
            <param index="0">
              <value>
                <![CDATA[[TestResult name=validaCheckoutPage status=SUCCESS method=CheckOutPageValidator.validaCheckoutPage(java.lang.String, java.lang.String, java.lang.String, java.lang.String, java.lang.String, java.lang.String, java.lang.String, java.lang.String, java.lang.String)[pri:0, instance:com.vicentry.lab.testCases.CheckOutPageValidator@210366b4] output={null}]]]>
              </value>
            </param>
          </params>
          <reporter-output>
          </reporter-output>
        </test-method> <!-- tearDown -->
        <test-method status="PASS" signature="validaCheckoutPage(java.lang.String, java.lang.String, java.lang.String, java.lang.String, java.lang.String, java.lang.String, java.lang.String, java.lang.String, java.lang.String)[pri:0, instance:com.vicentry.lab.testCases.CheckOutPageValidator@210366b4]" name="validaCheckoutPage" duration-ms="4280" started-at="2022-08-02T19:47:02Z" data-provider="CheckoutTest" finished-at="2022-08-02T19:47:07Z">
          <params>
            <param index="0">
              <value>
                <![CDATA[CheckoutPageTest_DataSet11]]>
              </value>
            </param>
            <param index="1">
              <value>
                <![CDATA[user1]]>
              </value>
            </param>
            <param index="2">
              <value>
                <![CDATA[Guru@12345]]>
              </value>
            </param>
            <param index="3">
              <value>
                <![CDATA[produtJ]]>
              </value>
            </param>
            <param index="4">
              <value>
                <![CDATA[10101010]]>
              </value>
            </param>
            <param index="5">
              <value>
                <![CDATA[mailj@email.com]]>
              </value>
            </param>
            <param index="6">
              <value>
                <![CDATA[Electrical]]>
              </value>
            </param>
            <param index="7">
              <value>
                <![CDATA[90]]>
              </value>
            </param>
            <param index="8">
              <value>
                <![CDATA[purchaseNameJ]]>
              </value>
            </param>
          </params>
          <reporter-output>
          </reporter-output>
        </test-method> <!-- validaCheckoutPage -->
        <test-method status="PASS" signature="tearDown(org.testng.ITestResult)[pri:0, instance:com.vicentry.lab.testCases.CheckOutPageValidator@210366b4]" name="tearDown" is-config="true" duration-ms="750" started-at="2022-08-02T19:47:07Z" finished-at="2022-08-02T19:47:07Z">
          <params>
            <param index="0">
              <value>
                <![CDATA[[TestResult name=validaCheckoutPage status=SUCCESS method=CheckOutPageValidator.validaCheckoutPage(java.lang.String, java.lang.String, java.lang.String, java.lang.String, java.lang.String, java.lang.String, java.lang.String, java.lang.String, java.lang.String)[pri:0, instance:com.vicentry.lab.testCases.CheckOutPageValidator@210366b4] output={null}]]]>
              </value>
            </param>
          </params>
          <reporter-output>
          </reporter-output>
        </test-method> <!-- tearDown -->
      </class> <!-- com.vicentry.lab.testCases.CheckOutPageValidator -->
    </test> <!-- Default test -->
  </suite> <!-- Default suite -->
</testng-results>
